#
# There is insufficient memory for the Java Runtime Environment to continue.
# Native memory allocation (malloc) failed to allocate 1143536 bytes for Chunk::new
# Possible reasons:
#   The system is out of physical RAM or swap space
#   The process is running with CompressedOops enabled, and the Java Heap may be blocking the growth of the native heap
# Possible solutions:
#   Reduce memory load on the system
#   Increase physical memory or swap space
#   Check if swap backing store is full
#   Decrease Java heap size (-Xmx/-Xms)
#   Decrease number of Java threads
#   Decrease Java thread stack sizes (-Xss)
#   Set larger code cache with -XX:ReservedCodeCacheSize=
#   JVM is running with Unscaled Compressed Oops mode in which the Java heap is
#     placed in the first 4GB address space. The Java Heap base address is the
#     maximum limit for the native heap growth. Please use -XX:HeapBaseMinAddress
#     to set the Java Heap base and to place the Java Heap above 4GB virtual address.
# This output file may be truncated or incomplete.
#
#  Out of Memory Error (allocation.cpp:389), pid=6788, tid=0x00000000000032fc
#
# JRE version: OpenJDK Runtime Environment (8.0_242-b01) (build 1.8.0_242-release-1644-b01)
# Java VM: OpenJDK 64-Bit Server VM (25.242-b01 mixed mode windows-amd64 compressed oops)
# Failed to write core dump. Minidumps are not enabled by default on client versions of Windows
#

---------------  T H R E A D  ---------------

Current thread (0x0000000019a4b800):  JavaThread "C2 CompilerThread0" daemon [_thread_in_native, id=13052, stack(0x000000001a1c0000,0x000000001a2c0000)]

Stack: [0x000000001a1c0000,0x000000001a2c0000]
[error occurred during error reporting (printing stack bounds), id 0xc0000005]

Native frames: (J=compiled Java code, j=interpreted, Vv=VM code, C=native code)


Current CompileTask:
C2:16779239 38250       4       com.android.ide.common.resources.DataSet::appendToXml (390 bytes)


---------------  P R O C E S S  ---------------

Java Threads: ( => current thread )
  0x000000001b759800 JavaThread "stdout" [_thread_in_native, id=3344, stack(0x0000000033410000,0x0000000033510000)]
  0x000000001b758800 JavaThread "stderr" [_thread_in_native, id=6332, stack(0x0000000034a10000,0x0000000034b10000)]
  0x000000001b75e800 JavaThread "stdout" [_thread_in_native, id=12480, stack(0x0000000034710000,0x0000000034810000)]
  0x000000001b760000 JavaThread "stderr" [_thread_in_native, id=6020, stack(0x0000000034610000,0x0000000034710000)]
  0x000000001b757000 JavaThread "stdout" [_thread_in_native, id=7800, stack(0x0000000034210000,0x0000000034310000)]
  0x000000001b75d000 JavaThread "stderr" [_thread_in_native, id=11164, stack(0x0000000033d10000,0x0000000033e10000)]
  0x000000001b75a000 JavaThread "WorkerExecutor Queue Thread 8" [_thread_blocked, id=15224, stack(0x0000000033c10000,0x0000000033d10000)]
  0x000000001dbd1000 JavaThread "WorkerExecutor Queue Thread 7" [_thread_blocked, id=7532, stack(0x0000000033310000,0x0000000033410000)]
  0x000000001dbd3800 JavaThread "WorkerExecutor Queue Thread 6" [_thread_blocked, id=8336, stack(0x0000000033210000,0x0000000033310000)]
  0x000000001dbd2000 JavaThread "WorkerExecutor Queue Thread 5" [_thread_blocked, id=14280, stack(0x0000000033110000,0x0000000033210000)]
  0x000000001dbd0800 JavaThread "stdout" [_thread_in_native, id=6532, stack(0x0000000033010000,0x0000000033110000)]
  0x000000001dbcf800 JavaThread "stderr" [_thread_in_native, id=11772, stack(0x0000000032f10000,0x0000000033010000)]
  0x000000001dbcf000 JavaThread "WorkerExecutor Queue Thread 4" [_thread_blocked, id=11684, stack(0x0000000032e10000,0x0000000032f10000)]
  0x000000001dbc6800 JavaThread "stdout" [_thread_in_native, id=7376, stack(0x0000000032d10000,0x0000000032e10000)]
  0x000000001dbcc800 JavaThread "stderr" [_thread_in_native, id=8164, stack(0x0000000032c10000,0x0000000032d10000)]
  0x000000001dbcc000 JavaThread "WorkerExecutor Queue Thread 3" [_thread_blocked, id=11380, stack(0x0000000032b10000,0x0000000032c10000)]
  0x000000001dbca800 JavaThread "pool-91-thread-1" [_thread_blocked, id=9516, stack(0x0000000032a10000,0x0000000032b10000)]
  0x000000001dbc4800 JavaThread "WorkerExecutor Queue Thread 2" [_thread_blocked, id=2808, stack(0x0000000032910000,0x0000000032a10000)]
  0x000000001dbc9000 JavaThread "WorkerExecutor Queue" [_thread_blocked, id=788, stack(0x0000000032810000,0x0000000032910000)]
  0x000000001dbc6000 JavaThread "Cache worker for execution history cache (D:\AndroidProject\TravelApp\.gradle\6.5\executionHistory)" [_thread_blocked, id=12224, stack(0x0000000032710000,0x0000000032810000)]
  0x000000001b8b2000 JavaThread "Execution worker for ':' Thread 7" [_thread_blocked, id=3668, stack(0x0000000032610000,0x0000000032710000)]
  0x000000001b8b1800 JavaThread "Execution worker for ':' Thread 6" [_thread_blocked, id=7664, stack(0x0000000032110000,0x0000000032210000)]
  0x000000001b8b0800 JavaThread "Execution worker for ':' Thread 5" [_thread_blocked, id=2248, stack(0x0000000032010000,0x0000000032110000)]
  0x000000001b8b0000 JavaThread "Execution worker for ':' Thread 4" [_thread_blocked, id=11496, stack(0x0000000031f10000,0x0000000032010000)]
  0x000000001b8ad800 JavaThread "Execution worker for ':' Thread 3" [_thread_blocked, id=5772, stack(0x0000000031e10000,0x0000000031f10000)]
  0x000000001b8ae800 JavaThread "Execution worker for ':' Thread 2" [_thread_blocked, id=9832, stack(0x0000000031b10000,0x0000000031c10000)]
  0x000000001b8af000 JavaThread "Execution worker for ':'" [_thread_blocked, id=2104, stack(0x000000002e600000,0x000000002e700000)]
  0x000000001b8ad000 JavaThread "Cache worker for file content cache (D:\AndroidProject\TravelApp\.gradle\6.5\fileContent)" [_thread_blocked, id=4672, stack(0x000000002c910000,0x000000002ca10000)]
  0x000000001b8a6000 JavaThread "pool-90-thread-1" [_thread_blocked, id=12384, stack(0x000000002bdb0000,0x000000002beb0000)]
  0x000000001b8a4800 JavaThread "Cache worker for Build Output Cleanup Cache (D:\AndroidProject\TravelApp\.gradle\buildOutputCleanup)" [_thread_blocked, id=14764, stack(0x000000002bcb0000,0x000000002bdb0000)]
  0x000000001b8ab800 JavaThread "Build operations Thread 8" [_thread_blocked, id=8848, stack(0x0000000022490000,0x0000000022590000)]
  0x000000001b8aa800 JavaThread "Build operations Thread 7" [_thread_blocked, id=2988, stack(0x0000000022390000,0x0000000022490000)]
  0x000000001b8aa000 JavaThread "Build operations Thread 6" [_thread_blocked, id=14560, stack(0x0000000022290000,0x0000000022390000)]
  0x000000001b8a5800 JavaThread "Build operations Thread 5" [_thread_blocked, id=3256, stack(0x0000000022190000,0x0000000022290000)]
  0x000000001b8a4000 JavaThread "Build operations Thread 4" [_thread_blocked, id=6740, stack(0x0000000022090000,0x0000000022190000)]
  0x000000001b8a8800 JavaThread "Build operations Thread 3" [_thread_blocked, id=14072, stack(0x0000000021f90000,0x0000000022090000)]
  0x0000000024774000 JavaThread "Build operations Thread 2" [_thread_blocked, id=9756, stack(0x0000000020c20000,0x0000000020d20000)]
  0x0000000024773800 JavaThread "Build operations" [_thread_blocked, id=12504, stack(0x0000000020b20000,0x0000000020c20000)]
  0x0000000024777000 JavaThread "Cache worker for cache directory md-rule (D:\candroid\.gradle\caches\6.5\md-rule)" [_thread_blocked, id=14640, stack(0x0000000020a20000,0x0000000020b20000)]
  0x0000000024772000 JavaThread "Cache worker for cache directory md-supplier (D:\candroid\.gradle\caches\6.5\md-supplier)" [_thread_blocked, id=10244, stack(0x0000000020920000,0x0000000020a20000)]
  0x0000000024776800 JavaThread "Cache worker for checksums cache (D:\AndroidProject\TravelApp\.gradle\checksums)" [_thread_blocked, id=12812, stack(0x000000001e610000,0x000000001e710000)]
  0x0000000024769000 JavaThread "Cache worker for file hash cache (D:\AndroidProject\TravelApp\.gradle\6.5\fileHashes)" [_thread_blocked, id=11440, stack(0x000000001ce40000,0x000000001cf40000)]
  0x000000002476a800 JavaThread "Thread-4186" [_thread_blocked, id=9276, stack(0x000000001cd40000,0x000000001ce40000)]
  0x000000002476c000 JavaThread "Stdin handler" [_thread_blocked, id=9264, stack(0x000000001cb40000,0x000000001cc40000)]
  0x000000002476f800 JavaThread "Asynchronous log dispatcher for DefaultDaemonConnection: socket connection from /127.0.0.1:50889 to /127.0.0.1:53339" [_thread_blocked, id=3584, stack(0x000000001ca40000,0x000000001cb40000)]
  0x000000002476b000 JavaThread "Cancel handler" [_thread_blocked, id=6600, stack(0x0000000000ca0000,0x0000000000da0000)]
  0x000000002476e000 JavaThread "Handler for socket connection from /127.0.0.1:50889 to /127.0.0.1:53339" [_thread_in_native, id=10584, stack(0x0000000000ba0000,0x0000000000ca0000)]
  0x000000001b75b000 JavaThread "jar transforms Thread 2964" [_thread_blocked, id=6336, stack(0x000000002bbb0000,0x000000002bcb0000)]
  0x000000001b75b800 JavaThread "jar transforms Thread 2963" [_thread_blocked, id=9752, stack(0x000000002bab0000,0x000000002bbb0000)]
  0x00000000250c9800 JavaThread "jar transforms Thread 2962" [_thread_blocked, id=9968, stack(0x000000002b9b0000,0x000000002bab0000)]
  0x00000000250c8000 JavaThread "jar transforms Thread 2961" [_thread_blocked, id=12868, stack(0x000000002b8b0000,0x000000002b9b0000)]
  0x00000000250ca000 JavaThread "jar transforms Thread 2960" [_thread_blocked, id=3684, stack(0x000000002b7b0000,0x000000002b8b0000)]
  0x00000000250c8800 JavaThread "jar transforms Thread 2959" [_thread_blocked, id=11824, stack(0x000000002b6b0000,0x000000002b7b0000)]
  0x00000000250c7000 JavaThread "jar transforms Thread 2958" [_thread_blocked, id=7672, stack(0x000000002b5b0000,0x000000002b6b0000)]
  0x00000000250bf800 JavaThread "jar transforms Thread 2957" [_thread_blocked, id=2596, stack(0x000000002b4b0000,0x000000002b5b0000)]
  0x00000000250c6800 JavaThread "jar transforms Thread 2956" [_thread_blocked, id=13688, stack(0x000000002b3b0000,0x000000002b4b0000)]
  0x00000000250c1000 JavaThread "jar transforms Thread 2955" [_thread_blocked, id=6340, stack(0x000000002b2b0000,0x000000002b3b0000)]
  0x00000000250c5000 JavaThread "jar transforms Thread 2954" [_thread_blocked, id=14032, stack(0x000000002b1b0000,0x000000002b2b0000)]
  0x00000000250c2800 JavaThread "jar transforms Thread 2953" [_thread_blocked, id=7324, stack(0x000000002b0b0000,0x000000002b1b0000)]
  0x00000000250c5800 JavaThread "jar transforms Thread 2952" [_thread_blocked, id=10268, stack(0x000000002afb0000,0x000000002b0b0000)]
  0x00000000250c0800 JavaThread "jar transforms Thread 2951" [_thread_blocked, id=14240, stack(0x000000002aeb0000,0x000000002afb0000)]
  0x00000000250c2000 JavaThread "jar transforms Thread 2950" [_thread_blocked, id=13564, stack(0x000000002adb0000,0x000000002aeb0000)]
  0x00000000250c4000 JavaThread "jar transforms Thread 2949" [_thread_blocked, id=5316, stack(0x000000002acb0000,0x000000002adb0000)]
  0x00000000250be000 JavaThread "jar transforms Thread 2948" [_thread_blocked, id=3296, stack(0x000000002abb0000,0x000000002acb0000)]
  0x00000000250bf000 JavaThread "jar transforms Thread 2947" [_thread_blocked, id=13988, stack(0x000000002aab0000,0x000000002abb0000)]
  0x00000000250bd800 JavaThread "jar transforms Thread 2946" [_thread_blocked, id=15280, stack(0x000000002a9b0000,0x000000002aab0000)]
  0x00000000250c3800 JavaThread "jar transforms Thread 2945" [_thread_blocked, id=7232, stack(0x000000002a8b0000,0x000000002a9b0000)]
  0x00000000250b6000 JavaThread "jar transforms Thread 2944" [_thread_blocked, id=5380, stack(0x000000002a7b0000,0x000000002a8b0000)]
  0x00000000250bc800 JavaThread "jar transforms Thread 2943" [_thread_blocked, id=6624, stack(0x000000002a6b0000,0x000000002a7b0000)]
  0x00000000250bb000 JavaThread "jar transforms Thread 2942" [_thread_blocked, id=1056, stack(0x000000002a5b0000,0x000000002a6b0000)]
  0x00000000250b5000 JavaThread "jar transforms Thread 2941" [_thread_blocked, id=12744, stack(0x000000002a4b0000,0x000000002a5b0000)]
  0x00000000250b9800 JavaThread "jar transforms Thread 2940" [_thread_blocked, id=15172, stack(0x000000002a3b0000,0x000000002a4b0000)]
  0x00000000250b2000 JavaThread "jar transforms Thread 2939" [_thread_blocked, id=12512, stack(0x000000002a1b0000,0x000000002a2b0000)]
  0x00000000250b3800 JavaThread "jar transforms Thread 2938" [_thread_blocked, id=9500, stack(0x000000002a0b0000,0x000000002a1b0000)]
  0x00000000250b1800 JavaThread "jar transforms Thread 2937" [_thread_blocked, id=14404, stack(0x0000000029fb0000,0x000000002a0b0000)]
  0x00000000250b4800 JavaThread "jar transforms Thread 2936" [_thread_blocked, id=5896, stack(0x0000000029eb0000,0x0000000029fb0000)]
  0x00000000250b3000 JavaThread "jar transforms Thread 2935" [_thread_blocked, id=11768, stack(0x0000000029db0000,0x0000000029eb0000)]
  0x00000000250b7800 JavaThread "jar transforms Thread 2934" [_thread_blocked, id=15352, stack(0x0000000029cb0000,0x0000000029db0000)]
  0x00000000250ab800 JavaThread "jar transforms Thread 2933" [_thread_blocked, id=13508, stack(0x0000000029bb0000,0x0000000029cb0000)]
  0x00000000250ad800 JavaThread "jar transforms Thread 2932" [_thread_blocked, id=10784, stack(0x0000000029ab0000,0x0000000029bb0000)]
  0x00000000250b0800 JavaThread "jar transforms Thread 2931" [_thread_blocked, id=3804, stack(0x00000000299b0000,0x0000000029ab0000)]
  0x00000000250ac000 JavaThread "jar transforms Thread 2930" [_thread_blocked, id=9120, stack(0x00000000298b0000,0x00000000299b0000)]
  0x00000000250af000 JavaThread "jar transforms Thread 2929" [_thread_blocked, id=12392, stack(0x00000000297b0000,0x00000000298b0000)]
  0x00000000250b0000 JavaThread "jar transforms Thread 2928" [_thread_blocked, id=10260, stack(0x00000000296b0000,0x00000000297b0000)]
  0x00000000383c1000 JavaThread "jar transforms Thread 2927" [_thread_blocked, id=8244, stack(0x00000000295b0000,0x00000000296b0000)]
  0x00000000383c0000 JavaThread "jar transforms Thread 2926" [_thread_blocked, id=3056, stack(0x00000000294b0000,0x00000000295b0000)]
  0x00000000383bf800 JavaThread "jar transforms Thread 2925" [_thread_blocked, id=13652, stack(0x00000000293b0000,0x00000000294b0000)]
  0x00000000383be000 JavaThread "jar transforms Thread 2924" [_thread_blocked, id=4060, stack(0x00000000292b0000,0x00000000293b0000)]
  0x00000000383be800 JavaThread "jar transforms Thread 2923" [_thread_blocked, id=3580, stack(0x00000000291b0000,0x00000000292b0000)]
  0x00000000383bd000 JavaThread "jar transforms Thread 2922" [_thread_blocked, id=14944, stack(0x00000000290b0000,0x00000000291b0000)]
  0x00000000383bb800 JavaThread "jar transforms Thread 2921" [_thread_blocked, id=8448, stack(0x0000000028fb0000,0x00000000290b0000)]
  0x00000000383bb000 JavaThread "jar transforms Thread 2920" [_thread_blocked, id=7104, stack(0x0000000028eb0000,0x0000000028fb0000)]
  0x00000000383bc800 JavaThread "jar transforms Thread 2919" [_thread_blocked, id=8048, stack(0x0000000028db0000,0x0000000028eb0000)]
  0x00000000383b3800 JavaThread "jar transforms Thread 2918" [_thread_blocked, id=6692, stack(0x0000000028cb0000,0x0000000028db0000)]
  0x00000000383ba000 JavaThread "jar transforms Thread 2917" [_thread_blocked, id=3240, stack(0x0000000028bb0000,0x0000000028cb0000)]
  0x00000000383b9800 JavaThread "jar transforms Thread 2916" [_thread_blocked, id=8068, stack(0x0000000028ab0000,0x0000000028bb0000)]
  0x00000000383b8800 JavaThread "jar transforms Thread 2915" [_thread_blocked, id=15168, stack(0x00000000289b0000,0x0000000028ab0000)]
  0x00000000383b5000 JavaThread "jar transforms Thread 2914" [_thread_blocked, id=10252, stack(0x00000000288b0000,0x00000000289b0000)]
  0x00000000383b1000 JavaThread "jar transforms Thread 2913" [_thread_blocked, id=7352, stack(0x00000000287b0000,0x00000000288b0000)]
  0x00000000383b8000 JavaThread "jar transforms Thread 2912" [_thread_blocked, id=14680, stack(0x00000000286b0000,0x00000000287b0000)]
  0x00000000383b7000 JavaThread "jar transforms Thread 2911" [_thread_blocked, id=13188, stack(0x00000000285b0000,0x00000000286b0000)]
  0x00000000383b4000 JavaThread "jar transforms Thread 2910" [_thread_blocked, id=4888, stack(0x00000000284b0000,0x00000000285b0000)]
  0x00000000383b5800 JavaThread "jar transforms Thread 2909" [_thread_blocked, id=9296, stack(0x00000000283b0000,0x00000000284b0000)]
  0x00000000383b6800 JavaThread "jar transforms Thread 2908" [_thread_blocked, id=10556, stack(0x00000000282b0000,0x00000000283b0000)]
  0x00000000383ad800 JavaThread "jar transforms Thread 2907" [_thread_blocked, id=8056, stack(0x00000000281b0000,0x00000000282b0000)]
  0x00000000383b2000 JavaThread "jar transforms Thread 2906" [_thread_blocked, id=5296, stack(0x00000000280b0000,0x00000000281b0000)]
  0x00000000383af800 JavaThread "jar transforms Thread 2905" [_thread_blocked, id=14188, stack(0x0000000027fb0000,0x00000000280b0000)]
  0x00000000383af000 JavaThread "jar transforms Thread 2904" [_thread_blocked, id=10624, stack(0x0000000027eb0000,0x0000000027fb0000)]
  0x00000000383ae000 JavaThread "jar transforms Thread 2903" [_thread_blocked, id=8476, stack(0x0000000027db0000,0x0000000027eb0000)]
  0x00000000383ac000 JavaThread "jar transforms Thread 2902" [_thread_blocked, id=8880, stack(0x0000000027cb0000,0x0000000027db0000)]
  0x00000000383b2800 JavaThread "jar transforms Thread 2901" [_thread_blocked, id=13304, stack(0x0000000027bb0000,0x0000000027cb0000)]
  0x00000000383b0800 JavaThread "jar transforms Thread 2900" [_thread_blocked, id=11532, stack(0x0000000027ab0000,0x0000000027bb0000)]
  0x00000000383ac800 JavaThread "jar transforms Thread 2899" [_thread_blocked, id=276, stack(0x00000000279b0000,0x0000000027ab0000)]
  0x00000000383a4800 JavaThread "jar transforms Thread 2898" [_thread_blocked, id=2712, stack(0x00000000278b0000,0x00000000279b0000)]
  0x00000000383ab000 JavaThread "jar transforms Thread 2897" [_thread_blocked, id=2656, stack(0x00000000277b0000,0x00000000278b0000)]
  0x00000000383a6000 JavaThread "jar transforms Thread 2896" [_thread_blocked, id=6228, stack(0x00000000276b0000,0x00000000277b0000)]
  0x00000000383a5000 JavaThread "jar transforms Thread 2895" [_thread_blocked, id=10924, stack(0x00000000275b0000,0x00000000276b0000)]
  0x00000000383a8000 JavaThread "jar transforms Thread 2894" [_thread_blocked, id=7624, stack(0x00000000274b0000,0x00000000275b0000)]
  0x00000000383a3800 JavaThread "jar transforms Thread 2893" [_thread_blocked, id=7348, stack(0x00000000273b0000,0x00000000274b0000)]
  0x00000000383a9800 JavaThread "jar transforms Thread 2892" [_thread_blocked, id=14668, stack(0x00000000272b0000,0x00000000273b0000)]
  0x00000000383aa800 JavaThread "jar transforms Thread 2891" [_thread_blocked, id=8040, stack(0x00000000271b0000,0x00000000272b0000)]
  0x00000000383a9000 JavaThread "jar transforms Thread 2890" [_thread_blocked, id=5724, stack(0x00000000270b0000,0x00000000271b0000)]
  0x00000000383a2000 JavaThread "jar transforms Thread 2889" [_thread_blocked, id=7536, stack(0x0000000026fb0000,0x00000000270b0000)]
  0x00000000383a3000 JavaThread "jar transforms Thread 2888" [_thread_blocked, id=7180, stack(0x0000000026eb0000,0x0000000026fb0000)]
  0x00000000356a2000 JavaThread "jar transforms Thread 2887" [_thread_blocked, id=9576, stack(0x0000000026db0000,0x0000000026eb0000)]
  0x00000000356a1000 JavaThread "jar transforms Thread 2886" [_thread_blocked, id=10648, stack(0x0000000026cb0000,0x0000000026db0000)]
  0x00000000356a0800 JavaThread "jar transforms Thread 2885" [_thread_blocked, id=1996, stack(0x0000000026bb0000,0x0000000026cb0000)]
  0x000000003569f800 JavaThread "jar transforms Thread 2884" [_thread_blocked, id=10340, stack(0x0000000026ab0000,0x0000000026bb0000)]
  0x00000000356a3800 JavaThread "jar transforms Thread 2883" [_thread_blocked, id=6132, stack(0x00000000269b0000,0x0000000026ab0000)]
  0x00000000356a2800 JavaThread "jar transforms Thread 2882" [_thread_blocked, id=1984, stack(0x00000000268b0000,0x00000000269b0000)]
  0x000000003569f000 JavaThread "jar transforms Thread 2881" [_thread_blocked, id=9332, stack(0x00000000267b0000,0x00000000268b0000)]
  0x0000000035697800 JavaThread "jar transforms Thread 2880" [_thread_blocked, id=1396, stack(0x00000000266b0000,0x00000000267b0000)]
  0x000000003569d800 JavaThread "jar transforms Thread 2879" [_thread_blocked, id=13808, stack(0x00000000265b0000,0x00000000266b0000)]
  0x000000003569a800 JavaThread "jar transforms Thread 2878" [_thread_blocked, id=10108, stack(0x00000000264b0000,0x00000000265b0000)]
  0x000000003569c800 JavaThread "jar transforms Thread 2877" [_thread_blocked, id=4328, stack(0x00000000263b0000,0x00000000264b0000)]
  0x000000003569e000 JavaThread "jar transforms Thread 2876" [_thread_blocked, id=8812, stack(0x00000000262b0000,0x00000000263b0000)]
  0x000000003569c000 JavaThread "jar transforms Thread 2875" [_thread_blocked, id=7220, stack(0x00000000261b0000,0x00000000262b0000)]
  0x0000000035699800 JavaThread "jar transforms Thread 2874" [_thread_blocked, id=10752, stack(0x00000000260b0000,0x00000000261b0000)]
  0x0000000035699000 JavaThread "jar transforms Thread 2873" [_thread_blocked, id=13832, stack(0x0000000025fb0000,0x00000000260b0000)]
  0x0000000035698000 JavaThread "jar transforms Thread 2872" [_thread_blocked, id=1204, stack(0x0000000025cb0000,0x0000000025db0000)]
  0x000000003569b000 JavaThread "jar transforms Thread 2871" [_thread_blocked, id=11676, stack(0x0000000025bb0000,0x0000000025cb0000)]
  0x0000000035690800 JavaThread "jar transforms Thread 2870" [_thread_blocked, id=4124, stack(0x0000000025ab0000,0x0000000025bb0000)]
  0x0000000035696800 JavaThread "jar transforms Thread 2869" [_thread_blocked, id=9128, stack(0x00000000259b0000,0x0000000025ab0000)]
  0x0000000035694800 JavaThread "jar transforms Thread 2868" [_thread_blocked, id=13356, stack(0x00000000258b0000,0x00000000259b0000)]
  0x0000000035696000 JavaThread "jar transforms Thread 2867" [_thread_blocked, id=15244, stack(0x00000000257b0000,0x00000000258b0000)]
  0x0000000035693800 JavaThread "jar transforms Thread 2866" [_thread_blocked, id=4304, stack(0x00000000256b0000,0x00000000257b0000)]
  0x0000000035695000 JavaThread "jar transforms Thread 2865" [_thread_blocked, id=15340, stack(0x00000000255b0000,0x00000000256b0000)]
  0x000000003568f000 JavaThread "jar transforms Thread 2864" [_thread_blocked, id=10792, stack(0x0000000023c90000,0x0000000023d90000)]
  0x000000003568c000 JavaThread "jar transforms Thread 2863" [_thread_blocked, id=13296, stack(0x0000000023390000,0x0000000023490000)]
  0x000000003568d800 JavaThread "jar transforms Thread 2862" [_thread_blocked, id=1976, stack(0x0000000023290000,0x0000000023390000)]
  0x0000000035690000 JavaThread "jar transforms Thread 2861" [_thread_blocked, id=3396, stack(0x0000000023190000,0x0000000023290000)]
  0x0000000035693000 JavaThread "jar transforms Thread 2860" [_thread_blocked, id=12740, stack(0x0000000022e90000,0x0000000022f90000)]
  0x0000000035692000 JavaThread "jar transforms Thread 2859" [_thread_blocked, id=14996, stack(0x0000000022d90000,0x0000000022e90000)]
  0x000000003568a800 JavaThread "jar transforms Thread 2858" [_thread_blocked, id=12684, stack(0x0000000022c90000,0x0000000022d90000)]
  0x000000003568e800 JavaThread "jar transforms Thread 2857" [_thread_blocked, id=928, stack(0x0000000022b90000,0x0000000022c90000)]
  0x0000000035691800 JavaThread "jar transforms Thread 2856" [_thread_blocked, id=9484, stack(0x0000000022a90000,0x0000000022b90000)]
  0x000000003568d000 JavaThread "jar transforms Thread 2855" [_thread_blocked, id=15012, stack(0x0000000022990000,0x0000000022a90000)]
  0x0000000035684800 JavaThread "jar transforms Thread 2854" [_thread_blocked, id=5416, stack(0x0000000022890000,0x0000000022990000)]
  0x0000000035688800 JavaThread "jar transforms Thread 2853" [_thread_blocked, id=1364, stack(0x0000000022790000,0x0000000022890000)]
  0x0000000035686000 JavaThread "jar transforms Thread 2852" [_thread_blocked, id=14900, stack(0x0000000022690000,0x0000000022790000)]
  0x000000003568a000 JavaThread "jar transforms Thread 2851" [_thread_blocked, id=9564, stack(0x0000000022590000,0x0000000022690000)]
  0x000000001dbc9800 JavaThread "Daemon worker Thread 25" [_thread_blocked, id=6364, stack(0x000000001c940000,0x000000001ca40000)]
  0x000000001dbcb000 JavaThread "Daemon Thread 25" [_thread_blocked, id=9300, stack(0x0000000000aa0000,0x0000000000ba0000)]
  0x00000000250b9000 JavaThread "Cache worker for Java compile cache (D:\candroid\.gradle\caches\6.5\javaCompile)" [_thread_blocked, id=11984, stack(0x0000000033910000,0x0000000033a10000)]
  0x00000000250b8000 JavaThread "RMI Reaper" [_thread_blocked, id=7208, stack(0x0000000034510000,0x0000000034610000)]
  0x00000000250b6800 JavaThread "RMI TCP Accept-0" daemon [_thread_in_native, id=10780, stack(0x0000000034410000,0x0000000034510000)]
  0x00000000250bc000 JavaThread "GC Daemon" daemon [_thread_blocked, id=10724, stack(0x0000000034310000,0x0000000034410000)]
  0x00000000250ad000 JavaThread "RMI Scheduler(0)" daemon [_thread_blocked, id=6356, stack(0x0000000033810000,0x0000000033910000)]
  0x000000002476c800 JavaThread "Memory manager" [_thread_blocked, id=13176, stack(0x000000002c5b0000,0x000000002c6b0000)]
  0x000000001f622800 JavaThread "Cache worker for file content cache (D:\candroid\.gradle\caches\6.5\fileContent)" [_thread_blocked, id=960, stack(0x0000000023b90000,0x0000000023c90000)]
  0x000000001f625800 JavaThread "Cache worker for execution history cache (D:\candroid\.gradle\caches\6.5\executionHistory)" [_thread_blocked, id=8684, stack(0x0000000023690000,0x0000000023790000)]
  0x000000001bedb000 JavaThread "Cache worker for file hash cache (D:\candroid\.gradle\caches\6.5\fileHashes)" [_thread_blocked, id=6104, stack(0x000000001e510000,0x000000001e610000)]
  0x000000001bedd800 JavaThread "File lock request listener" [_thread_in_native, id=11516, stack(0x000000001e410000,0x000000001e510000)]
  0x000000001a86a800 JavaThread "Cache worker for journal cache (D:\candroid\.gradle\caches\journal-1)" [_thread_blocked, id=10288, stack(0x000000001e310000,0x000000001e410000)]
  0x000000001b624800 JavaThread "Daemon periodic checks" [_thread_blocked, id=15216, stack(0x000000001c640000,0x000000001c740000)]
  0x000000001b9ee000 JavaThread "Incoming local TCP Connector on port 50889" [_thread_in_native, id=1528, stack(0x000000001c490000,0x000000001c590000)]
  0x0000000019b64000 JavaThread "Daemon health stats" [_thread_blocked, id=10444, stack(0x000000001c190000,0x000000001c290000)]
  0x0000000019af3000 JavaThread "Service Thread" daemon [_thread_blocked, id=12712, stack(0x000000001a5c0000,0x000000001a6c0000)]
  0x0000000019a59000 JavaThread "C1 CompilerThread3" daemon [_thread_blocked, id=14288, stack(0x000000001a4c0000,0x000000001a5c0000)]
  0x0000000019a51000 JavaThread "C2 CompilerThread2" daemon [_thread_in_native, id=8524, stack(0x000000001a3c0000,0x000000001a4c0000)]
  0x0000000019a4f000 JavaThread "C2 CompilerThread1" daemon [_thread_blocked, id=1896, stack(0x000000001a2c0000,0x000000001a3c0000)]
=>0x0000000019a4b800 JavaThread "C2 CompilerThread0" daemon [_thread_in_native, id=13052, stack(0x000000001a1c0000,0x000000001a2c0000)]
  0x0000000019a4a000 JavaThread "Attach Listener" daemon [_thread_blocked, id=3496, stack(0x000000001a0c0000,0x000000001a1c0000)]
  0x00000000199f7000 JavaThread "Signal Dispatcher" daemon [_thread_blocked, id=7268, stack(0x0000000019fc0000,0x000000001a0c0000)]
  0x0000000002b88000 JavaThread "Finalizer" daemon [_thread_blocked, id=5556, stack(0x0000000019ec0000,0x0000000019fc0000)]
  0x00000000199e0800 JavaThread "Reference Handler" daemon [_thread_blocked, id=2828, stack(0x0000000019dc0000,0x0000000019ec0000)]
  0x000000000258d800 JavaThread "main" [_thread_blocked, id=9172, stack(0x0000000002990000,0x0000000002a90000)]

Other Threads:
  0x0000000017bf7800 VMThread [stack: 0x00000000198c0000,0x00000000199c0000] [id=7120]
  0x0000000019af4800 WatcherThread [stack: 0x000000001a6c0000,0x000000001a7c0000] [id=2300]

VM state:not at safepoint (normal execution)

VM Mutex/Monitor currently owned by a thread: None

heap address: 0x0000000080000000, size: 2048 MB, Compressed Oops mode: 32-bit
Narrow klass base: 0x0000000000000000, Narrow klass shift: 3
Compressed class space size: 1073741824 Address: 0x0000000100000000

Heap:
 PSYoungGen      total 583680K, used 93120K [0x00000000d5580000, 0x00000000ffa80000, 0x0000000100000000)
  eden space 479232K, 13% used [0x00000000d5580000,0x00000000d9473a48,0x00000000f2980000)
  from space 104448K, 27% used [0x00000000f9480000,0x00000000fb07c798,0x00000000ffa80000)
  to   space 107008K, 0% used [0x00000000f2980000,0x00000000f2980000,0x00000000f9200000)
 ParOldGen       total 385536K, used 72410K [0x0000000080000000, 0x0000000097880000, 0x00000000d5580000)
  object space 385536K, 18% used [0x0000000080000000,0x00000000846b6b10,0x0000000097880000)
 Metaspace       used 131206K, capacity 141756K, committed 141912K, reserved 1173504K
  class space    used 16672K, capacity 18488K, committed 18560K, reserved 1048576K

Card table byte_map: [0x0000000011f50000,0x0000000012360000] byte_map_base: 0x0000000011b50000

Marking Bits: (ParMarkBitMap*) 0x00000000645ff030
 Begin Bits: [0x0000000012e10000, 0x0000000014e10000)
 End Bits:   [0x0000000014e10000, 0x0000000016e10000)

Polling page: 0x0000000002540000

CodeCache: size=245760Kb used=99601Kb max_used=100673Kb free=146158Kb
 bounds [0x0000000002b90000, 0x0000000008e80000, 0x0000000011b90000]
 total_blobs=28765 nmethods=27767 adapters=906
 compilation: enabled

Compilation events (10 events):
Event: 16779.128 Thread 0x0000000019a59000 nmethod 38270 0x00000000065a1f50 code [0x00000000065a23e0, 0x00000000065a4e68]
Event: 16779.136 Thread 0x0000000019a4f000 38271       4       org.gradle.api.internal.artifacts.ivyservice.resolveengine.artifact.ArtifactBackedResolvedVariant$SingleArtifactSet::startVisit (62 bytes)
Event: 16779.144 Thread 0x0000000019a4f000 nmethod 38271 0x00000000048fa3d0 code [0x00000000048fa560, 0x00000000048fa8f8]
Event: 16779.161 Thread 0x0000000019a59000 38272   !   3       sun.reflect.GeneratedMethodAccessor225::invoke (61 bytes)
Event: 16779.163 Thread 0x0000000019a59000 nmethod 38272 0x00000000046e7290 code [0x00000000046e7480, 0x00000000046e7b78]
Event: 16779.183 Thread 0x0000000019a51000 38273   !   4       org.gradle.internal.operations.DefaultBuildOperationExecutor$1::execute (82 bytes)
Event: 16779.195 Thread 0x0000000019a4f000 38274       4       org.gradle.api.internal.file.pattern.FixedStepPathMatcher::matches (54 bytes)
Event: 16779.199 Thread 0x0000000019a4f000 nmethod 38274 0x0000000004af5190 code [0x0000000004af52e0, 0x0000000004af5468]
Event: 16779.199 Thread 0x0000000019a59000 38275       1       com.android.repository.Revision$Precision::getTermCount (5 bytes)
Event: 16779.200 Thread 0x0000000019a59000 nmethod 38275 0x00000000034f4c50 code [0x00000000034f4da0, 0x00000000034f4eb0]

GC Heap History (10 events):
Event: 15676.578 GC heap before
{Heap before GC invocations=58 (full 7):
 PSYoungGen      total 585728K, used 226683K [0x00000000d5580000, 0x00000000fff00000, 0x0000000100000000)
  eden space 471040K, 34% used [0x00000000d5580000,0x00000000df48d9f8,0x00000000f2180000)
  from space 114688K, 55% used [0x00000000f8f00000,0x00000000fcd51278,0x00000000fff00000)
  to   space 112128K, 0% used [0x00000000f2180000,0x00000000f2180000,0x00000000f8f00000)
 ParOldGen       total 385536K, used 101574K [0x0000000080000000, 0x0000000097880000, 0x00000000d5580000)
  object space 385536K, 26% used [0x0000000080000000,0x0000000086331b90,0x0000000097880000)
 Metaspace       used 127534K, capacity 137264K, committed 137432K, reserved 1169408K
  class space    used 16214K, capacity 17839K, committed 17920K, reserved 1048576K
Event: 15676.755 GC heap after
Heap after GC invocations=58 (full 7):
 PSYoungGen      total 530944K, used 59618K [0x00000000d5580000, 0x00000000ff600000, 0x0000000100000000)
  eden space 471040K, 0% used [0x00000000d5580000,0x00000000d5580000,0x00000000f2180000)
  from space 59904K, 99% used [0x00000000f2180000,0x00000000f5bb8978,0x00000000f5c00000)
  to   space 107520K, 0% used [0x00000000f8d00000,0x00000000f8d00000,0x00000000ff600000)
 ParOldGen       total 385536K, used 101582K [0x0000000080000000, 0x0000000097880000, 0x00000000d5580000)
  object space 385536K, 26% used [0x0000000080000000,0x0000000086333b90,0x0000000097880000)
 Metaspace       used 127534K, capacity 137264K, committed 137432K, reserved 1169408K
  class space    used 16214K, capacity 17839K, committed 17920K, reserved 1048576K
}
Event: 15676.755 GC heap before
{Heap before GC invocations=59 (full 8):
 PSYoungGen      total 530944K, used 59618K [0x00000000d5580000, 0x00000000ff600000, 0x0000000100000000)
  eden space 471040K, 0% used [0x00000000d5580000,0x00000000d5580000,0x00000000f2180000)
  from space 59904K, 99% used [0x00000000f2180000,0x00000000f5bb8978,0x00000000f5c00000)
  to   space 107520K, 0% used [0x00000000f8d00000,0x00000000f8d00000,0x00000000ff600000)
 ParOldGen       total 385536K, used 101582K [0x0000000080000000, 0x0000000097880000, 0x00000000d5580000)
  object space 385536K, 26% used [0x0000000080000000,0x0000000086333b90,0x0000000097880000)
 Metaspace       used 127534K, capacity 137264K, committed 137432K, reserved 1169408K
  class space    used 16214K, capacity 17839K, committed 17920K, reserved 1048576K
Event: 15679.406 GC heap after
Heap after GC invocations=59 (full 8):
 PSYoungGen      total 530944K, used 0K [0x00000000d5580000, 0x00000000ff600000, 0x0000000100000000)
  eden space 471040K, 0% used [0x00000000d5580000,0x00000000d5580000,0x00000000f2180000)
  from space 59904K, 0% used [0x00000000f2180000,0x00000000f2180000,0x00000000f5c00000)
  to   space 107520K, 0% used [0x00000000f8d00000,0x00000000f8d00000,0x00000000ff600000)
 ParOldGen       total 385536K, used 72386K [0x0000000080000000, 0x0000000097880000, 0x00000000d5580000)
  object space 385536K, 18% used [0x0000000080000000,0x00000000846b0b10,0x0000000097880000)
 Metaspace       used 127412K, capacity 137060K, committed 137432K, reserved 1169408K
  class space    used 16196K, capacity 17805K, committed 17920K, reserved 1048576K
}
Event: 16693.320 GC heap before
{Heap before GC invocations=60 (full 8):
 PSYoungGen      total 530944K, used 471040K [0x00000000d5580000, 0x00000000ff600000, 0x0000000100000000)
  eden space 471040K, 100% used [0x00000000d5580000,0x00000000f2180000,0x00000000f2180000)
  from space 59904K, 0% used [0x00000000f2180000,0x00000000f2180000,0x00000000f5c00000)
  to   space 107520K, 0% used [0x00000000f8d00000,0x00000000f8d00000,0x00000000ff600000)
 ParOldGen       total 385536K, used 72386K [0x0000000080000000, 0x0000000097880000, 0x00000000d5580000)
  object space 385536K, 18% used [0x0000000080000000,0x00000000846b0b10,0x0000000097880000)
 Metaspace       used 127519K, capacity 137192K, committed 137688K, reserved 1169408K
  class space    used 16196K, capacity 17805K, committed 17920K, reserved 1048576K
Event: 16693.382 GC heap after
Heap after GC invocations=60 (full 8):
 PSYoungGen      total 577536K, used 8699K [0x00000000d5580000, 0x0000000100000000, 0x0000000100000000)
  eden space 470016K, 0% used [0x00000000d5580000,0x00000000d5580000,0x00000000f2080000)
  from space 107520K, 8% used [0x00000000f8d00000,0x00000000f957ee40,0x00000000ff600000)
  to   space 111104K, 0% used [0x00000000f2080000,0x00000000f2080000,0x00000000f8d00000)
 ParOldGen       total 385536K, used 72394K [0x0000000080000000, 0x0000000097880000, 0x00000000d5580000)
  object space 385536K, 18% used [0x0000000080000000,0x00000000846b2b10,0x0000000097880000)
 Metaspace       used 127519K, capacity 137192K, committed 137688K, reserved 1169408K
  class space    used 16196K, capacity 17805K, committed 17920K, reserved 1048576K
}
Event: 16760.534 GC heap before
{Heap before GC invocations=61 (full 8):
 PSYoungGen      total 577536K, used 478715K [0x00000000d5580000, 0x0000000100000000, 0x0000000100000000)
  eden space 470016K, 100% used [0x00000000d5580000,0x00000000f2080000,0x00000000f2080000)
  from space 107520K, 8% used [0x00000000f8d00000,0x00000000f957ee40,0x00000000ff600000)
  to   space 111104K, 0% used [0x00000000f2080000,0x00000000f2080000,0x00000000f8d00000)
 ParOldGen       total 385536K, used 72394K [0x0000000080000000, 0x0000000097880000, 0x00000000d5580000)
  object space 385536K, 18% used [0x0000000080000000,0x00000000846b2b10,0x0000000097880000)
 Metaspace       used 130832K, capacity 141306K, committed 141528K, reserved 1173504K
  class space    used 16620K, capacity 18407K, committed 18432K, reserved 1048576K
Event: 16760.669 GC heap after
Heap after GC invocations=61 (full 8):
 PSYoungGen      total 581120K, used 32057K [0x00000000d5580000, 0x00000000ffe80000, 0x0000000100000000)
  eden space 470016K, 0% used [0x00000000d5580000,0x00000000d5580000,0x00000000f2080000)
  from space 111104K, 28% used [0x00000000f2080000,0x00000000f3fce668,0x00000000f8d00000)
  to   space 108544K, 0% used [0x00000000f9480000,0x00000000f9480000,0x00000000ffe80000)
 ParOldGen       total 385536K, used 72402K [0x0000000080000000, 0x0000000097880000, 0x00000000d5580000)
  object space 385536K, 18% used [0x0000000080000000,0x00000000846b4b10,0x0000000097880000)
 Metaspace       used 130832K, capacity 141306K, committed 141528K, reserved 1173504K
  class space    used 16620K, capacity 18407K, committed 18432K, reserved 1048576K
}
Event: 16778.715 GC heap before
{Heap before GC invocations=62 (full 8):
 PSYoungGen      total 581120K, used 502073K [0x00000000d5580000, 0x00000000ffe80000, 0x0000000100000000)
  eden space 470016K, 100% used [0x00000000d5580000,0x00000000f2080000,0x00000000f2080000)
  from space 111104K, 28% used [0x00000000f2080000,0x00000000f3fce668,0x00000000f8d00000)
  to   space 108544K, 0% used [0x00000000f9480000,0x00000000f9480000,0x00000000ffe80000)
 ParOldGen       total 385536K, used 72402K [0x0000000080000000, 0x0000000097880000, 0x00000000d5580000)
  object space 385536K, 18% used [0x0000000080000000,0x00000000846b4b10,0x0000000097880000)
 Metaspace       used 131115K, capacity 141684K, committed 141912K, reserved 1173504K
  class space    used 16658K, capacity 18486K, committed 18560K, reserved 1048576K
Event: 16778.884 GC heap after
Heap after GC invocations=62 (full 8):
 PSYoungGen      total 583680K, used 28657K [0x00000000d5580000, 0x00000000ffa80000, 0x0000000100000000)
  eden space 479232K, 0% used [0x00000000d5580000,0x00000000d5580000,0x00000000f2980000)
  from space 104448K, 27% used [0x00000000f9480000,0x00000000fb07c798,0x00000000ffa80000)
  to   space 107008K, 0% used [0x00000000f2980000,0x00000000f2980000,0x00000000f9200000)
 ParOldGen       total 385536K, used 72410K [0x0000000080000000, 0x0000000097880000, 0x00000000d5580000)
  object space 385536K, 18% used [0x0000000080000000,0x00000000846b6b10,0x0000000097880000)
 Metaspace       used 131115K, capacity 141684K, committed 141912K, reserved 1173504K
  class space    used 16658K, capacity 18486K, committed 18560K, reserved 1048576K
}

Deoptimization events (10 events):
Event: 16779.006 Thread 0x000000001dbc9000 Uncommon trap: reason=bimorphic action=maybe_recompile pc=0x000000000516f090 method=com.google.common.collect.ImmutableList.hashCode()I @ 23
Event: 16779.006 Thread 0x000000001dbc9000 Uncommon trap: reason=bimorphic action=maybe_recompile pc=0x000000000516f090 method=com.google.common.collect.ImmutableList.hashCode()I @ 23
Event: 16779.029 Thread 0x000000001dbc9000 Uncommon trap: reason=unstable_if action=reinterpret pc=0x0000000008a980e4 method=com.android.ide.common.blame.SourcePosition.equals(Ljava/lang/Object;)Z @ 29
Event: 16779.029 Thread 0x000000001dbc9000 Uncommon trap: reason=unstable_if action=reinterpret pc=0x0000000008589adc method=com.android.ide.common.blame.SourcePosition.equals(Ljava/lang/Object;)Z @ 29
Event: 16779.030 Thread 0x000000001dbc9000 Uncommon trap: reason=unstable_if action=reinterpret pc=0x0000000007d90f58 method=com.android.ide.common.blame.SourcePosition.equals(Ljava/lang/Object;)Z @ 29
Event: 16779.032 Thread 0x000000001dbc9000 Uncommon trap: reason=bimorphic action=maybe_recompile pc=0x0000000007079c98 method=java.util.Collections$UnmodifiableMap.get(Ljava/lang/Object;)Ljava/lang/Object; @ 5
Event: 16779.034 Thread 0x000000001dbc9000 Uncommon trap: reason=class_check action=maybe_recompile pc=0x0000000004bf8bf0 method=com.google.gson.stream.JsonWriter.string(Ljava/lang/String;)V @ 117
Event: 16779.034 Thread 0x000000001dbc9000 Uncommon trap: reason=class_check action=maybe_recompile pc=0x0000000004bf8bf0 method=com.google.gson.stream.JsonWriter.string(Ljava/lang/String;)V @ 117
Event: 16779.034 Thread 0x000000001dbc9000 Uncommon trap: reason=bimorphic action=maybe_recompile pc=0x0000000007079c98 method=java.util.Collections$UnmodifiableMap.get(Ljava/lang/Object;)Ljava/lang/Object; @ 5
Event: 16779.153 Thread 0x000000001b8b1800 Uncommon trap: reason=class_check action=maybe_recompile pc=0x00000000085950b8 method=com.google.common.cache.LocalCache$Segment.cleanUp()V @ 7

Classes redefined (0 events):
No events

Internal exceptions (10 events):
Event: 16769.210 Thread 0x000000001dbc9800 Implicit null exception at 0x00000000047209d4 to 0x0000000004720cd5
Event: 16769.257 Thread 0x000000001b75e800 Exception <a 'java/lang/NoSuchMethodError': <clinit>> (0x00000000e3317580) thrown at [C:\src\AOSP-openjdk-git\hotspot\src\share\vm\prims\jni.cpp, line 1615]
Event: 16769.260 Thread 0x000000001b75e800 Exception <a 'java/lang/NoSuchMethodError': <clinit>> (0x00000000e3320880) thrown at [C:\src\AOSP-openjdk-git\hotspot\src\share\vm\prims\jni.cpp, line 1615]
Event: 16769.527 Thread 0x000000001dbcb000 Implicit null exception at 0x00000000044025bb to 0x0000000004403025
Event: 16769.527 Thread 0x000000001dbcb000 Implicit null exception at 0x000000000310cb7e to 0x000000000310e679
Event: 16777.582 Thread 0x000000001dbc9800 Exception <a 'sun/nio/fs/WindowsException'> (0x00000000e4a0ce18) thrown at [C:\src\AOSP-openjdk-git\hotspot\src\share\vm\prims\jni.cpp, line 710]
Event: 16777.677 Thread 0x000000001dbc9800 Exception <a 'sun/nio/fs/WindowsException'> (0x00000000e53186d8) thrown at [C:\src\AOSP-openjdk-git\hotspot\src\share\vm\prims\jni.cpp, line 710]
Event: 16778.893 Thread 0x000000001dbcf000 Exception <a 'java/io/IOException'> (0x00000000d56a8e28) thrown at [C:\src\AOSP-openjdk-git\hotspot\src\share\vm\prims\jni.cpp, line 710]
Event: 16778.967 Thread 0x000000001dbcf000 Exception <a 'java/io/IOException'> (0x00000000d57a9188) thrown at [C:\src\AOSP-openjdk-git\hotspot\src\share\vm\prims\jni.cpp, line 710]
Event: 16778.997 Thread 0x000000001dbd1000 Exception <a 'java/io/IOException'> (0x00000000d5ba4700) thrown at [C:\src\AOSP-openjdk-git\hotspot\src\share\vm\prims\jni.cpp, line 710]

Events (10 events):
Event: 16779.053 Thread 0x0000000019a59000 flushing nmethod 0x0000000008d40490
Event: 16779.053 Thread 0x0000000019a59000 flushing nmethod 0x0000000008d407d0
Event: 16779.053 Thread 0x0000000019a59000 flushing nmethod 0x0000000008d74bd0
Event: 16779.153 Thread 0x000000001b8b1800 Uncommon trap: trap_request=0xffffffde fr.pc=0x00000000085950b8
Event: 16779.153 Thread 0x000000001b8b1800 DEOPT PACKING pc=0x00000000085950b8 sp=0x000000003220c060
Event: 16779.153 Thread 0x000000001b8b1800 DEOPT UNPACKING pc=0x0000000002bd557b sp=0x000000003220bf70 mode 2
Event: 16779.196 Executing VM operation: BulkRevokeBias
Event: 16779.198 Executing VM operation: BulkRevokeBias done
Event: 16779.199 Executing VM operation: RevokeBias
Event: 16779.199 Executing VM operation: RevokeBias done


Dynamic libraries:
0x00007ff665a20000 - 0x00007ff665a51000 	D:\Android\jre\bin\java.exe
0x00007ffc021c0000 - 0x00007ffc023b0000 	C:\WINDOWS\SYSTEM32\ntdll.dll
0x00007ffc01200000 - 0x00007ffc012b2000 	C:\WINDOWS\System32\KERNEL32.DLL
0x00007ffbff5a0000 - 0x00007ffbff846000 	C:\WINDOWS\System32\KERNELBASE.dll
0x00007ffc012d0000 - 0x00007ffc01373000 	C:\WINDOWS\System32\ADVAPI32.dll
0x00007ffc01430000 - 0x00007ffc014ce000 	C:\WINDOWS\System32\msvcrt.dll
0x00007ffc01600000 - 0x00007ffc01697000 	C:\WINDOWS\System32\sechost.dll
0x00007ffc01fb0000 - 0x00007ffc020cf000 	C:\WINDOWS\System32\RPCRT4.dll
0x00007ffc00410000 - 0x00007ffc005a4000 	C:\WINDOWS\System32\USER32.dll
0x00007ffc00230000 - 0x00007ffc00251000 	C:\WINDOWS\System32\win32u.dll
0x00007ffc01400000 - 0x00007ffc01426000 	C:\WINDOWS\System32\GDI32.dll
0x00007ffc00090000 - 0x00007ffc00228000 	C:\WINDOWS\System32\gdi32full.dll
0x00007ffbff850000 - 0x00007ffbff8ee000 	C:\WINDOWS\System32\msvcp_win.dll
0x00007ffbff280000 - 0x00007ffbff37a000 	C:\WINDOWS\System32\ucrtbase.dll
0x00007ffbec820000 - 0x00007ffbecaa4000 	C:\WINDOWS\WinSxS\amd64_microsoft.windows.common-controls_6595b64144ccf1df_6.0.18362.1734_none_9e7c63e3e45fdc87\COMCTL32.dll
0x00007ffc00a30000 - 0x00007ffc00d66000 	C:\WINDOWS\System32\combase.dll
0x00007ffbff3e0000 - 0x00007ffbff464000 	C:\WINDOWS\System32\bcryptPrimitives.dll
0x00007ffc01e60000 - 0x00007ffc01e8e000 	C:\WINDOWS\System32\IMM32.DLL
0x00000000633c0000 - 0x0000000063492000 	D:\Android\jre\jre\bin\msvcr100.dll
0x0000000063e30000 - 0x000000006467b000 	D:\Android\jre\jre\bin\server\jvm.dll
0x00007ffc012c0000 - 0x00007ffc012c8000 	C:\WINDOWS\System32\PSAPI.DLL
0x00007ffbf9880000 - 0x00007ffbf988a000 	C:\WINDOWS\SYSTEM32\VERSION.dll
0x00007ffbebb30000 - 0x00007ffbebb39000 	C:\WINDOWS\SYSTEM32\WSOCK32.dll
0x00007ffbfcb40000 - 0x00007ffbfcb64000 	C:\WINDOWS\SYSTEM32\WINMM.dll
0x00007ffc01e90000 - 0x00007ffc01eff000 	C:\WINDOWS\System32\WS2_32.dll
0x00007ffbfc9d0000 - 0x00007ffbfc9fd000 	C:\WINDOWS\SYSTEM32\winmmbase.dll
0x00007ffbff520000 - 0x00007ffbff56a000 	C:\WINDOWS\System32\cfgmgr32.dll
0x00007ffbfcc30000 - 0x00007ffbfcc3f000 	D:\Android\jre\jre\bin\verify.dll
0x00007ffbe17f0000 - 0x00007ffbe1819000 	D:\Android\jre\jre\bin\java.dll
0x00007ffbee5c0000 - 0x00007ffbee5d6000 	D:\Android\jre\jre\bin\zip.dll
0x00007ffc016a0000 - 0x00007ffc01d87000 	C:\WINDOWS\System32\SHELL32.dll
0x00007ffc020d0000 - 0x00007ffc02179000 	C:\WINDOWS\System32\shcore.dll
0x00007ffbff8f0000 - 0x00007ffc0006b000 	C:\WINDOWS\System32\windows.storage.dll
0x00007ffbff070000 - 0x00007ffbff08e000 	C:\WINDOWS\System32\profapi.dll
0x00007ffbff090000 - 0x00007ffbff0da000 	C:\WINDOWS\System32\powrprof.dll
0x00007ffbff060000 - 0x00007ffbff070000 	C:\WINDOWS\System32\UMPDC.dll
0x00007ffc01d90000 - 0x00007ffc01de2000 	C:\WINDOWS\System32\shlwapi.dll
0x00007ffbff0e0000 - 0x00007ffbff0f1000 	C:\WINDOWS\System32\kernel.appcore.dll
0x00007ffc00070000 - 0x00007ffc00087000 	C:\WINDOWS\System32\cryptsp.dll
0x00007ffbe9c20000 - 0x00007ffbe9c3a000 	D:\Android\jre\jre\bin\net.dll
0x00007ffbfe850000 - 0x00007ffbfe8b7000 	C:\WINDOWS\system32\mswsock.dll
0x00007ffbe08a0000 - 0x00007ffbe08b3000 	D:\Android\jre\jre\bin\nio.dll
0x00007ffbe0870000 - 0x00007ffbe0897000 	D:\candroid\.gradle\native\f6784746aeab05261644944871eae4fe03e0ef1612fff0a4a95f87b438bc6780\windows-amd64\native-platform.dll
0x00007ffbf7c00000 - 0x00007ffbf7c0d000 	D:\Android\jre\jre\bin\management.dll
0x00007ffbfe3d0000 - 0x00007ffbfe403000 	C:\WINDOWS\system32\rsaenh.dll
0x00007ffbff570000 - 0x00007ffbff596000 	C:\WINDOWS\System32\bcrypt.dll
0x00007ffbfef80000 - 0x00007ffbfefa5000 	C:\WINDOWS\SYSTEM32\USERENV.dll
0x00007ffbfea20000 - 0x00007ffbfea2c000 	C:\WINDOWS\SYSTEM32\CRYPTBASE.dll
0x00007ffbfe560000 - 0x00007ffbfe59a000 	C:\WINDOWS\SYSTEM32\IPHLPAPI.DLL
0x00007ffc011f0000 - 0x00007ffc011f8000 	C:\WINDOWS\System32\NSI.dll
0x00007ffbf69c0000 - 0x00007ffbf69d6000 	C:\WINDOWS\SYSTEM32\dhcpcsvc6.DLL
0x00007ffbf7d80000 - 0x00007ffbf7d9c000 	C:\WINDOWS\SYSTEM32\dhcpcsvc.DLL
0x00007ffbfe5a0000 - 0x00007ffbfe66a000 	C:\WINDOWS\SYSTEM32\DNSAPI.dll
0x00007ffbf9870000 - 0x00007ffbf987b000 	C:\WINDOWS\SYSTEM32\WINNSI.DLL
0x00007ffbfe0b0000 - 0x00007ffbfe0e1000 	C:\WINDOWS\SYSTEM32\ntmarta.dll
0x00007ffbf2fe0000 - 0x00007ffbf3004000 	D:\Android\jre\jre\bin\sunec.dll
0x00007ffbf2f70000 - 0x00007ffbf2f7a000 	C:\Windows\System32\rasadhlp.dll
0x00007ffbf6590000 - 0x00007ffbf6607000 	C:\WINDOWS\System32\fwpuclnt.dll
0x00007ffbf93f0000 - 0x00007ffbf93fb000 	D:\Android\jre\jre\bin\sunmscapi.dll
0x00007ffbff120000 - 0x00007ffbff271000 	C:\WINDOWS\System32\CRYPT32.dll
0x00007ffbff100000 - 0x00007ffbff112000 	C:\WINDOWS\System32\MSASN1.dll
0x00007ffbf2fc0000 - 0x00007ffbf2fde000 	C:\Users\27889\AppData\Local\Temp\native-platform3147071609787789412dir\native-platform.dll

VM Arguments:
jvm_args: -Xmx2048m -Dfile.encoding=UTF-8 -Duser.country=CN -Duser.language=zh -Duser.variant 
java_command: org.gradle.launcher.daemon.bootstrap.GradleDaemon 6.5
java_class_path (initial): D:\candroid\.gradle\wrapper\dists\gradle-6.5-bin\6nifqtx7604sqp1q6g8wikw7p\gradle-6.5\lib\gradle-launcher-6.5.jar
Launcher Type: SUN_STANDARD

Environment Variables:
JAVA_HOME=D:\Java\jdk1.8.0_221
CLASSPATH=.;D:\Java\jdk1.8.0_221\lib;D:\Java\jdk1.8.0_221\lib\tools.jar;D:\apache-tomcat-9.0.31\common\lib\servlet-api.jar;
PATH=D:\Java\jdk1.8.0_221\bin;C:\Program Files (x86)\Common Files\Oracle\Java\javapath;C:\WINDOWS\system32;C:\WINDOWS;C:\WINDOWS\System32\Wbem;C:\WINDOWS\System32\WindowsPowerShell\v1.0\;C:\WINDOWS\System32\OpenSSH\;"path=%path%;D:\python";%USERPROFILE%\.dnx\bin;C:\Program Files\Microsoft DNX\Dnvm\;C:\Program Files\Microsoft SQL Server\130\Tools\Binn\;C:\Program Files (x86)\Windows Kits\8.1\Windows Performance Toolkit\;";D:\Android\Android_sdk\platform-tools\";C:\Program Files\Microsoft SQL Server\Client SDK\ODBC\170\Tools\Binn\;C:\Program Files (x86)\Microsoft SQL Server\150\Tools\Binn\;C:\Program Files\Microsoft SQL Server\150\Tools\Binn\;C:\Program Files\Microsoft SQL Server\150\DTS\Binn\;C:\Program Files (x86)\Microsoft SQL Server\150\DTS\Binn\;D:\Android\Android_sdk\platform-tools;D:\Git\cmd;";D:\apache-tomcat-9.0.31\bin";D:\graphviz\bin;";D:\AndroidSDK\platform-tools\";D:\putty\;C:\Strawberry\c\bin;C:\Strawberry\perl\site\bin;C:\Strawberry\perl\bin;D:\Graphviz\bin;D:\PHP\phpstudy_pro\Extensions\php\php7.3.4nts;D:\ctags58;D:\Xshell\;D:\python\Scripts\;D:\python\;C:\Users\27889\AppData\Local\Microsoft\WindowsApps;D:\PyCharm 2019.2.3\bin
USERNAME=27889
OS=Windows_NT
PROCESSOR_IDENTIFIER=Intel64 Family 6 Model 142 Stepping 10, GenuineIntel



---------------  S Y S T E M  ---------------

OS: Windows 10.0 , 64 bit Build 18362 (10.0.18362.1714)

CPU:total 8 (initial active 8) (4 cores per cpu, 2 threads per core) family 6 model 142 stepping 10, cmov, cx8, fxsr, mmx, sse, sse2, sse3, ssse3, sse4.1, sse4.2, popcnt, avx, avx2, aes, clmul, erms, 3dnowpref, lzcnt, ht, tsc, tscinvbit, bmi1, bmi2, adx

Memory: 4k page, physical 8286588k(378992k free), swap 16151032k(0k free)

vm_info: OpenJDK 64-Bit Server VM (25.242-b01) for windows-amd64 JRE (1.8.0_242-release-1644-b01), built by "builder" with MS VC++ 10.0 (VS2010)

time: Mon Oct 04 15:45:04 2021
timezone: 
elapsed time: 16779 seconds (0d 4h 39m 39s)

