#
# There is insufficient memory for the Java Runtime Environment to continue.
# Native memory allocation (malloc) failed to allocate 1052496 bytes for Chunk::new
# Possible reasons:
#   The system is out of physical RAM or swap space
#   The process is running with CompressedOops enabled, and the Java Heap may be blocking the growth of the native heap
# Possible solutions:
#   Reduce memory load on the system
#   Increase physical memory or swap space
#   Check if swap backing store is full
#   Decrease Java heap size (-Xmx/-Xms)
#   Decrease number of Java threads
#   Decrease Java thread stack sizes (-Xss)
#   Set larger code cache with -XX:ReservedCodeCacheSize=
#   JVM is running with Unscaled Compressed Oops mode in which the Java heap is
#     placed in the first 4GB address space. The Java Heap base address is the
#     maximum limit for the native heap growth. Please use -XX:HeapBaseMinAddress
#     to set the Java Heap base and to place the Java Heap above 4GB virtual address.
# This output file may be truncated or incomplete.
#
#  Out of Memory Error (allocation.cpp:389), pid=14380, tid=0x0000000000002aec
#
# JRE version: OpenJDK Runtime Environment (8.0_242-b01) (build 1.8.0_242-release-1644-b01)
# Java VM: OpenJDK 64-Bit Server VM (25.242-b01 mixed mode windows-amd64 compressed oops)
# Failed to write core dump. Minidumps are not enabled by default on client versions of Windows
#

---------------  T H R E A D  ---------------

Current thread (0x000000001981c000):  JavaThread "C2 CompilerThread0" daemon [_thread_in_native, id=10988, stack(0x0000000019f90000,0x000000001a090000)]

Stack: [0x0000000019f90000,0x000000001a090000]
[error occurred during error reporting (printing stack bounds), id 0xc0000005]

Native frames: (J=compiled Java code, j=interpreted, Vv=VM code, C=native code)


Current CompileTask:
C2:  10293 5129   !   4       java.net.URLClassLoader$1::run (63 bytes)


---------------  P R O C E S S  ---------------

Java Threads: ( => current thread )
  0x00000000198dd800 JavaThread "Service Thread" daemon [_thread_blocked, id=2776, stack(0x000000001a390000,0x000000001a490000)]
  0x0000000019831800 JavaThread "C1 CompilerThread3" daemon [_thread_in_native, id=11540, stack(0x000000001a290000,0x000000001a390000)]
  0x0000000019829800 JavaThread "C2 CompilerThread2" daemon [_thread_in_native, id=15284, stack(0x000000001a190000,0x000000001a290000)]
  0x000000001981f800 JavaThread "C2 CompilerThread1" daemon [_thread_in_native, id=10560, stack(0x000000001a090000,0x000000001a190000)]
=>0x000000001981c000 JavaThread "C2 CompilerThread0" daemon [_thread_in_native, id=10988, stack(0x0000000019f90000,0x000000001a090000)]
  0x00000000197c8000 JavaThread "Attach Listener" daemon [_thread_blocked, id=10692, stack(0x0000000019e90000,0x0000000019f90000)]
  0x00000000197c7000 JavaThread "Signal Dispatcher" daemon [_thread_blocked, id=9320, stack(0x0000000019d90000,0x0000000019e90000)]
  0x00000000197b0800 JavaThread "Finalizer" daemon [_thread_blocked, id=4340, stack(0x0000000019c90000,0x0000000019d90000)]
  0x00000000029e8800 JavaThread "Reference Handler" daemon [_thread_blocked, id=7896, stack(0x0000000019b90000,0x0000000019c90000)]
  0x00000000028ee800 JavaThread "main" [_thread_in_Java, id=15080, stack(0x0000000002760000,0x0000000002860000)]

Other Threads:
  0x0000000017987000 VMThread [stack: 0x0000000019690000,0x0000000019790000] [id=2488]
  0x00000000198de800 WatcherThread [stack: 0x000000001a490000,0x000000001a590000] [id=10504]

VM state:not at safepoint (normal execution)

VM Mutex/Monitor currently owned by a thread: None

heap address: 0x0000000081800000, size: 2024 MB, Compressed Oops mode: 32-bit
Narrow klass base: 0x0000000000000000, Narrow klass shift: 3
Compressed class space size: 1073741824 Address: 0x0000000100000000

Heap:
 PSYoungGen      total 115200K, used 37444K [0x00000000d5d80000, 0x00000000dec00000, 0x0000000100000000)
  eden space 94720K, 17% used [0x00000000d5d80000,0x00000000d6e14f00,0x00000000dba00000)
  from space 20480K, 99% used [0x00000000dd200000,0x00000000de5fc4f8,0x00000000de600000)
  to   space 24576K, 0% used [0x00000000dba00000,0x00000000dba00000,0x00000000dd200000)
 ParOldGen       total 76800K, used 26119K [0x0000000081800000, 0x0000000086300000, 0x00000000d5d80000)
  object space 76800K, 34% used [0x0000000081800000,0x0000000083181ea0,0x0000000086300000)
 Metaspace       used 52154K, capacity 53191K, committed 53504K, reserved 1095680K
  class space    used 6558K, capacity 6845K, committed 6912K, reserved 1048576K

Card table byte_map: [0x0000000011db0000,0x00000000121b0000] byte_map_base: 0x00000000119a4000

Marking Bits: (ParMarkBitMap*) 0x00000000645ff030
 Begin Bits: [0x0000000012c60000, 0x0000000014c00000)
 End Bits:   [0x0000000014c00000, 0x0000000016ba0000)

Polling page: 0x0000000002350000

CodeCache: size=245760Kb used=18849Kb max_used=18849Kb free=226910Kb
 bounds [0x00000000029f0000, 0x0000000003c70000, 0x00000000119f0000]
 total_blobs=5580 nmethods=5067 adapters=426
 compilation: enabled

Compilation events (10 events):
Event: 10.279 Thread 0x0000000019831800 nmethod 5461 0x0000000003c611d0 code [0x0000000003c613c0, 0x0000000003c61b08]
Event: 10.279 Thread 0x0000000019831800 5463       3       org.jetbrains.kotlin.builtins.KotlinBuiltIns::getBuiltInClassByFqName (69 bytes)
Event: 10.279 Thread 0x0000000019831800 nmethod 5463 0x0000000003c61dd0 code [0x0000000003c61f60, 0x0000000003c62208]
Event: 10.279 Thread 0x0000000019831800 5464       3       org.jetbrains.kotlin.descriptors.DescriptorUtilKt::resolveClassByFqName (159 bytes)
Event: 10.282 Thread 0x0000000019831800 nmethod 5464 0x0000000003c622d0 code [0x0000000003c62700, 0x0000000003c64ac8]
Event: 10.282 Thread 0x0000000019831800 5462       3       org.jetbrains.kotlin.load.java.structure.impl.classFiles.BinaryJavaConstructor::<init> (38 bytes)
Event: 10.284 Thread 0x0000000019831800 nmethod 5462 0x0000000003c65e90 code [0x0000000003c66160, 0x0000000003c672b8]
Event: 10.284 Thread 0x0000000019831800 5467       3       java.util.Locale::getLanguage (8 bytes)
Event: 10.284 Thread 0x0000000019831800 nmethod 5467 0x0000000003c67f10 code [0x0000000003c68060, 0x0000000003c68250]
Event: 10.285 Thread 0x0000000019831800 5468   !   3       org.jetbrains.kotlin.metadata.ProtoBuf$Constructor::<init> (520 bytes)

GC Heap History (10 events):
Event: 4.290 GC heap before
{Heap before GC invocations=6 (full 1):
 PSYoungGen      total 54272K, used 54246K [0x00000000d5d80000, 0x00000000da880000, 0x0000000100000000)
  eden space 49152K, 100% used [0x00000000d5d80000,0x00000000d8d80000,0x00000000d8d80000)
  from space 5120K, 99% used [0x00000000da380000,0x00000000da879b00,0x00000000da880000)
  to   space 5120K, 0% used [0x00000000d9e80000,0x00000000d9e80000,0x00000000da380000)
 ParOldGen       total 76800K, used 17299K [0x0000000081800000, 0x0000000086300000, 0x00000000d5d80000)
  object space 76800K, 22% used [0x0000000081800000,0x00000000828e4f58,0x0000000086300000)
 Metaspace       used 32815K, capacity 33410K, committed 33664K, reserved 1079296K
  class space    used 4178K, capacity 4381K, committed 4480K, reserved 1048576K
Event: 4.311 GC heap after
Heap after GC invocations=6 (full 1):
 PSYoungGen      total 71680K, used 5111K [0x00000000d5d80000, 0x00000000dcd00000, 0x0000000100000000)
  eden space 66560K, 0% used [0x00000000d5d80000,0x00000000d5d80000,0x00000000d9e80000)
  from space 5120K, 99% used [0x00000000d9e80000,0x00000000da37dc80,0x00000000da380000)
  to   space 19968K, 0% used [0x00000000db980000,0x00000000db980000,0x00000000dcd00000)
 ParOldGen       total 76800K, used 29545K [0x0000000081800000, 0x0000000086300000, 0x00000000d5d80000)
  object space 76800K, 38% used [0x0000000081800000,0x00000000834da4d8,0x0000000086300000)
 Metaspace       used 32815K, capacity 33410K, committed 33664K, reserved 1079296K
  class space    used 4178K, capacity 4381K, committed 4480K, reserved 1048576K
}
Event: 4.534 GC heap before
{Heap before GC invocations=7 (full 1):
 PSYoungGen      total 71680K, used 18267K [0x00000000d5d80000, 0x00000000dcd00000, 0x0000000100000000)
  eden space 66560K, 19% used [0x00000000d5d80000,0x00000000d6a590c0,0x00000000d9e80000)
  from space 5120K, 99% used [0x00000000d9e80000,0x00000000da37dc80,0x00000000da380000)
  to   space 19968K, 0% used [0x00000000db980000,0x00000000db980000,0x00000000dcd00000)
 ParOldGen       total 76800K, used 29545K [0x0000000081800000, 0x0000000086300000, 0x00000000d5d80000)
  object space 76800K, 38% used [0x0000000081800000,0x00000000834da4d8,0x0000000086300000)
 Metaspace       used 34672K, capacity 35216K, committed 35416K, reserved 1081344K
  class space    used 4399K, capacity 4576K, committed 4608K, reserved 1048576K
Event: 4.541 GC heap after
Heap after GC invocations=7 (full 1):
 PSYoungGen      total 94720K, used 7791K [0x00000000d5d80000, 0x00000000de900000, 0x0000000100000000)
  eden space 74752K, 0% used [0x00000000d5d80000,0x00000000d5d80000,0x00000000da680000)
  from space 19968K, 39% used [0x00000000db980000,0x00000000dc11bc00,0x00000000dcd00000)
  to   space 19456K, 0% used [0x00000000da680000,0x00000000da680000,0x00000000db980000)
 ParOldGen       total 76800K, used 29553K [0x0000000081800000, 0x0000000086300000, 0x00000000d5d80000)
  object space 76800K, 38% used [0x0000000081800000,0x00000000834dc4d8,0x0000000086300000)
 Metaspace       used 34672K, capacity 35216K, committed 35416K, reserved 1081344K
  class space    used 4399K, capacity 4576K, committed 4608K, reserved 1048576K
}
Event: 4.541 GC heap before
{Heap before GC invocations=8 (full 2):
 PSYoungGen      total 94720K, used 7791K [0x00000000d5d80000, 0x00000000de900000, 0x0000000100000000)
  eden space 74752K, 0% used [0x00000000d5d80000,0x00000000d5d80000,0x00000000da680000)
  from space 19968K, 39% used [0x00000000db980000,0x00000000dc11bc00,0x00000000dcd00000)
  to   space 19456K, 0% used [0x00000000da680000,0x00000000da680000,0x00000000db980000)
 ParOldGen       total 76800K, used 29553K [0x0000000081800000, 0x0000000086300000, 0x00000000d5d80000)
  object space 76800K, 38% used [0x0000000081800000,0x00000000834dc4d8,0x0000000086300000)
 Metaspace       used 34672K, capacity 35216K, committed 35416K, reserved 1081344K
  class space    used 4399K, capacity 4576K, committed 4608K, reserved 1048576K
Event: 4.658 GC heap after
Heap after GC invocations=8 (full 2):
 PSYoungGen      total 94720K, used 0K [0x00000000d5d80000, 0x00000000de900000, 0x0000000100000000)
  eden space 74752K, 0% used [0x00000000d5d80000,0x00000000d5d80000,0x00000000da680000)
  from space 19968K, 0% used [0x00000000db980000,0x00000000db980000,0x00000000dcd00000)
  to   space 19456K, 0% used [0x00000000da680000,0x00000000da680000,0x00000000db980000)
 ParOldGen       total 76800K, used 23558K [0x0000000081800000, 0x0000000086300000, 0x00000000d5d80000)
  object space 76800K, 30% used [0x0000000081800000,0x0000000082f018e8,0x0000000086300000)
 Metaspace       used 34672K, capacity 35216K, committed 35416K, reserved 1081344K
  class space    used 4399K, capacity 4576K, committed 4608K, reserved 1048576K
}
Event: 6.434 GC heap before
{Heap before GC invocations=9 (full 2):
 PSYoungGen      total 94720K, used 74752K [0x00000000d5d80000, 0x00000000de900000, 0x0000000100000000)
  eden space 74752K, 100% used [0x00000000d5d80000,0x00000000da680000,0x00000000da680000)
  from space 19968K, 0% used [0x00000000db980000,0x00000000db980000,0x00000000dcd00000)
  to   space 19456K, 0% used [0x00000000da680000,0x00000000da680000,0x00000000db980000)
 ParOldGen       total 76800K, used 23558K [0x0000000081800000, 0x0000000086300000, 0x00000000d5d80000)
  object space 76800K, 30% used [0x0000000081800000,0x0000000082f018e8,0x0000000086300000)
 Metaspace       used 41726K, capacity 42397K, committed 42752K, reserved 1087488K
  class space    used 5166K, capacity 5361K, committed 5376K, reserved 1048576K
Event: 6.465 GC heap after
Heap after GC invocations=9 (full 2):
 PSYoungGen      total 94208K, used 15047K [0x00000000d5d80000, 0x00000000de600000, 0x0000000100000000)
  eden space 74752K, 0% used [0x00000000d5d80000,0x00000000d5d80000,0x00000000da680000)
  from space 19456K, 77% used [0x00000000da680000,0x00000000db531c90,0x00000000db980000)
  to   space 20480K, 0% used [0x00000000dd200000,0x00000000dd200000,0x00000000de600000)
 ParOldGen       total 76800K, used 23566K [0x0000000081800000, 0x0000000086300000, 0x00000000d5d80000)
  object space 76800K, 30% used [0x0000000081800000,0x0000000082f038e8,0x0000000086300000)
 Metaspace       used 41726K, capacity 42397K, committed 42752K, reserved 1087488K
  class space    used 5166K, capacity 5361K, committed 5376K, reserved 1048576K
}
Event: 9.607 GC heap before
{Heap before GC invocations=10 (full 2):
 PSYoungGen      total 94208K, used 89799K [0x00000000d5d80000, 0x00000000de600000, 0x0000000100000000)
  eden space 74752K, 100% used [0x00000000d5d80000,0x00000000da680000,0x00000000da680000)
  from space 19456K, 77% used [0x00000000da680000,0x00000000db531c90,0x00000000db980000)
  to   space 20480K, 0% used [0x00000000dd200000,0x00000000dd200000,0x00000000de600000)
 ParOldGen       total 76800K, used 23566K [0x0000000081800000, 0x0000000086300000, 0x00000000d5d80000)
  object space 76800K, 30% used [0x0000000081800000,0x0000000082f038e8,0x0000000086300000)
 Metaspace       used 50732K, capacity 51697K, committed 51968K, reserved 1095680K
  class space    used 6390K, capacity 6648K, committed 6656K, reserved 1048576K
Event: 9.638 GC heap after
Heap after GC invocations=10 (full 2):
 PSYoungGen      total 115200K, used 20465K [0x00000000d5d80000, 0x00000000dec00000, 0x0000000100000000)
  eden space 94720K, 0% used [0x00000000d5d80000,0x00000000d5d80000,0x00000000dba00000)
  from space 20480K, 99% used [0x00000000dd200000,0x00000000de5fc4f8,0x00000000de600000)
  to   space 24576K, 0% used [0x00000000dba00000,0x00000000dba00000,0x00000000dd200000)
 ParOldGen       total 76800K, used 26119K [0x0000000081800000, 0x0000000086300000, 0x00000000d5d80000)
  object space 76800K, 34% used [0x0000000081800000,0x0000000083181ea0,0x0000000086300000)
 Metaspace       used 50732K, capacity 51697K, committed 51968K, reserved 1095680K
  class space    used 6390K, capacity 6648K, committed 6656K, reserved 1048576K
}

Deoptimization events (10 events):
Event: 9.788 Thread 0x00000000028ee800 Uncommon trap: reason=bimorphic action=maybe_recompile pc=0x00000000038eaa84 method=org.jetbrains.kotlin.types.DelegatingSimpleType.getConstructor()Lorg/jetbrains/kotlin/types/TypeConstructor; @ 4
Event: 9.788 Thread 0x00000000028ee800 Uncommon trap: reason=bimorphic action=maybe_recompile pc=0x00000000038eaa84 method=org.jetbrains.kotlin.types.DelegatingSimpleType.getConstructor()Lorg/jetbrains/kotlin/types/TypeConstructor; @ 4
Event: 9.788 Thread 0x00000000028ee800 Uncommon trap: reason=bimorphic action=maybe_recompile pc=0x00000000038eaa84 method=org.jetbrains.kotlin.types.DelegatingSimpleType.getConstructor()Lorg/jetbrains/kotlin/types/TypeConstructor; @ 4
Event: 9.788 Thread 0x00000000028ee800 Uncommon trap: reason=bimorphic action=maybe_recompile pc=0x00000000038eaa84 method=org.jetbrains.kotlin.types.DelegatingSimpleType.getConstructor()Lorg/jetbrains/kotlin/types/TypeConstructor; @ 4
Event: 9.870 Thread 0x00000000028ee800 Uncommon trap: reason=class_check action=maybe_recompile pc=0x000000000370c4ac method=java.util.regex.Matcher.match(II)Z @ 86
Event: 9.977 Thread 0x00000000028ee800 Uncommon trap: reason=unstable_if action=reinterpret pc=0x0000000003bb2e0c method=org.jetbrains.kotlin.serialization.deserialization.descriptors.DeserializedPackageMemberScope.hasClass(Lorg/jetbrains/kotlin/name/Name;)Z @ 107
Event: 10.020 Thread 0x00000000028ee800 Uncommon trap: reason=unstable_if action=reinterpret pc=0x0000000003b67248 method=org.jetbrains.kotlin.com.intellij.lang.impl.PsiBuilderImpl.skipWhitespace()V @ 51
Event: 10.093 Thread 0x00000000028ee800 Uncommon trap: reason=unstable_if action=reinterpret pc=0x0000000003ac4abc method=org.jetbrains.kotlin.load.java.structure.impl.classFiles.BinaryJavaMethodBase$Companion.create(Ljava/lang/String;ILjava/lang/String;Ljava/lang/String;Lorg/jetbrains/kotlin/l
Event: 10.102 Thread 0x00000000028ee800 Uncommon trap: reason=unstable_if action=reinterpret pc=0x00000000037de994 method=org.jetbrains.kotlin.resolve.DescriptorUtils.getFqNameSafeIfPossible(Lorg/jetbrains/kotlin/descriptors/DeclarationDescriptor;)Lorg/jetbrains/kotlin/name/FqName; @ 12
Event: 10.102 Thread 0x00000000028ee800 Uncommon trap: reason=unstable_if action=reinterpret pc=0x0000000003817b24 method=org.jetbrains.kotlin.name.FqNameUnsafe.child(Lorg/jetbrains/kotlin/name/Name;)Lorg/jetbrains/kotlin/name/FqNameUnsafe; @ 13

Classes redefined (0 events):
No events

Internal exceptions (10 events):
Event: 9.019 Thread 0x00000000028ee800 Exception <a 'java/lang/NoSuchMethodError': java.lang.Object.lambda$static$0(I)[Lorg/jetbrains/kotlin/com/intellij/psi/PsiTypeParameter;> (0x00000000d9c46350) thrown at [C:\src\AOSP-openjdk-git\hotspot\src\share\vm\interpreter\linkResolver.cpp, line 620]
Event: 9.096 Thread 0x00000000028ee800 Exception <a 'java/lang/NoSuchMethodError': java.lang.Object.lambda$static$0(I)[Lorg/jetbrains/kotlin/com/intellij/psi/PsiMethod;> (0x00000000d9db6270) thrown at [C:\src\AOSP-openjdk-git\hotspot\src\share\vm\interpreter\linkResolver.cpp, line 620]
Event: 9.133 Thread 0x00000000028ee800 Exception <a 'java/lang/NoSuchMethodError': java.lang.Object.lambda$static$0(I)[Lorg/jetbrains/kotlin/com/intellij/psi/PsiField;> (0x00000000d9e333a0) thrown at [C:\src\AOSP-openjdk-git\hotspot\src\share\vm\interpreter\linkResolver.cpp, line 620]
Event: 9.167 Thread 0x00000000028ee800 Exception <a 'java/lang/NoSuchMethodError': java.lang.Object.lambda$static$0(I)[Lorg/jetbrains/kotlin/com/intellij/psi/PsiJavaCodeReferenceElement;> (0x00000000d9ea4428) thrown at [C:\src\AOSP-openjdk-git\hotspot\src\share\vm\interpreter\linkResolver.cpp,
Event: 9.361 Thread 0x00000000028ee800 Exception <a 'java/lang/NoSuchMethodError': java.lang.Object.lambda$static$0(I)[Lorg/jetbrains/kotlin/com/intellij/psi/PsiParameter;> (0x00000000da1fc238) thrown at [C:\src\AOSP-openjdk-git\hotspot\src\share\vm\interpreter\linkResolver.cpp, line 620]
Event: 9.492 Thread 0x00000000028ee800 Exception <a 'java/lang/NoSuchMethodError': java.lang.Object.lambda$static$0(I)[Lorg/jetbrains/kotlin/com/intellij/psi/PsiImportStatementBase;> (0x00000000da489cc0) thrown at [C:\src\AOSP-openjdk-git\hotspot\src\share\vm\interpreter\linkResolver.cpp, line
Event: 9.554 Thread 0x00000000028ee800 Exception <a 'java/lang/NoSuchMethodError': java.lang.Object.lambda$comparing$ea9a8b3a$1(Ljava/util/Comparator;Ljava/util/function/Function;Ljava/lang/Object;Ljava/lang/Object;)I> (0x00000000da5ab938) thrown at [C:\src\AOSP-openjdk-git\hotspot\src\share\v
Event: 9.556 Thread 0x00000000028ee800 Exception <a 'java/lang/NoSuchMethodError': java.lang.Object.lambda$thenComparing$36697e65$1(Ljava/util/Comparator;Ljava/lang/Object;Ljava/lang/Object;)I> (0x00000000da5b3b08) thrown at [C:\src\AOSP-openjdk-git\hotspot\src\share\vm\interpreter\linkResolve
Event: 9.570 Thread 0x00000000028ee800 Exception <a 'java/lang/NoSuchMethodError': java.lang.Object.lambda$static$0(I)I> (0x00000000da5ddf20) thrown at [C:\src\AOSP-openjdk-git\hotspot\src\share\vm\interpreter\linkResolver.cpp, line 620]
Event: 10.121 Thread 0x00000000028ee800 Exception <a 'java/lang/IncompatibleClassChangeError': Found class java.lang.Object, but interface was expected> (0x00000000d6929658) thrown at [C:\src\AOSP-openjdk-git\hotspot\src\share\vm\interpreter\linkResolver.cpp, line 653]

Events (10 events):
Event: 10.250 loading class org/jetbrains/kotlin/resolve/scopes/receivers/ExpressionReceiver$Companion$ThisExpressionClassReceiver
Event: 10.250 loading class org/jetbrains/kotlin/resolve/scopes/receivers/ExpressionReceiver$Companion$ThisExpressionClassReceiver done
Event: 10.262 loading class org/jetbrains/kotlin/load/java/typeEnhancement/EnhancedTypeAnnotationDescriptor
Event: 10.262 loading class org/jetbrains/kotlin/load/java/typeEnhancement/EnhancedTypeAnnotationDescriptor done
Event: 10.279 loading class org/jetbrains/kotlin/builtins/jvm/FallbackBuiltIns
Event: 10.279 loading class org/jetbrains/kotlin/builtins/jvm/FallbackBuiltIns done
Event: 10.280 loading class org/jetbrains/kotlin/builtins/jvm/FallbackBuiltIns$Companion
Event: 10.280 loading class org/jetbrains/kotlin/builtins/jvm/FallbackBuiltIns$Companion done
Event: 10.280 loading class org/jetbrains/kotlin/descriptors/deserialization/PlatformDependentDeclarationFilter$All
Event: 10.280 loading class org/jetbrains/kotlin/descriptors/deserialization/PlatformDependentDeclarationFilter$All done


Dynamic libraries:
0x00007ff6f2e10000 - 0x00007ff6f2e41000 	D:\Android\jre\jre\bin\java.exe
0x00007ffc021c0000 - 0x00007ffc023b0000 	C:\WINDOWS\SYSTEM32\ntdll.dll
0x00007ffc01200000 - 0x00007ffc012b2000 	C:\WINDOWS\System32\KERNEL32.DLL
0x00007ffbff5a0000 - 0x00007ffbff846000 	C:\WINDOWS\System32\KERNELBASE.dll
0x00007ffc012d0000 - 0x00007ffc01373000 	C:\WINDOWS\System32\ADVAPI32.dll
0x00007ffc01430000 - 0x00007ffc014ce000 	C:\WINDOWS\System32\msvcrt.dll
0x00007ffc01600000 - 0x00007ffc01697000 	C:\WINDOWS\System32\sechost.dll
0x00007ffc01fb0000 - 0x00007ffc020cf000 	C:\WINDOWS\System32\RPCRT4.dll
0x00007ffc00410000 - 0x00007ffc005a4000 	C:\WINDOWS\System32\USER32.dll
0x00007ffc00230000 - 0x00007ffc00251000 	C:\WINDOWS\System32\win32u.dll
0x00007ffc01400000 - 0x00007ffc01426000 	C:\WINDOWS\System32\GDI32.dll
0x00007ffc00090000 - 0x00007ffc00228000 	C:\WINDOWS\System32\gdi32full.dll
0x00007ffbff850000 - 0x00007ffbff8ee000 	C:\WINDOWS\System32\msvcp_win.dll
0x00007ffbff280000 - 0x00007ffbff37a000 	C:\WINDOWS\System32\ucrtbase.dll
0x00007ffbec820000 - 0x00007ffbecaa4000 	C:\WINDOWS\WinSxS\amd64_microsoft.windows.common-controls_6595b64144ccf1df_6.0.18362.1734_none_9e7c63e3e45fdc87\COMCTL32.dll
0x00007ffc00a30000 - 0x00007ffc00d66000 	C:\WINDOWS\System32\combase.dll
0x00007ffbff3e0000 - 0x00007ffbff464000 	C:\WINDOWS\System32\bcryptPrimitives.dll
0x00007ffc01e60000 - 0x00007ffc01e8e000 	C:\WINDOWS\System32\IMM32.DLL
0x00000000633c0000 - 0x0000000063492000 	D:\Android\jre\jre\bin\msvcr100.dll
0x0000000063e30000 - 0x000000006467b000 	D:\Android\jre\jre\bin\server\jvm.dll
0x00007ffc012c0000 - 0x00007ffc012c8000 	C:\WINDOWS\System32\PSAPI.DLL
0x00007ffbfcb40000 - 0x00007ffbfcb64000 	C:\WINDOWS\SYSTEM32\WINMM.dll
0x00007ffbf9880000 - 0x00007ffbf988a000 	C:\WINDOWS\SYSTEM32\VERSION.dll
0x00007ffbebb30000 - 0x00007ffbebb39000 	C:\WINDOWS\SYSTEM32\WSOCK32.dll
0x00007ffc01e90000 - 0x00007ffc01eff000 	C:\WINDOWS\System32\WS2_32.dll
0x00007ffbfc9d0000 - 0x00007ffbfc9fd000 	C:\WINDOWS\SYSTEM32\WINMMBASE.dll
0x00007ffbff520000 - 0x00007ffbff56a000 	C:\WINDOWS\System32\cfgmgr32.dll
0x00007ffbfcc30000 - 0x00007ffbfcc3f000 	D:\Android\jre\jre\bin\verify.dll
0x00007ffbe17f0000 - 0x00007ffbe1819000 	D:\Android\jre\jre\bin\java.dll
0x00007ffbee5c0000 - 0x00007ffbee5d6000 	D:\Android\jre\jre\bin\zip.dll
0x00007ffc016a0000 - 0x00007ffc01d87000 	C:\WINDOWS\System32\SHELL32.dll
0x00007ffc020d0000 - 0x00007ffc02179000 	C:\WINDOWS\System32\shcore.dll
0x00007ffbff8f0000 - 0x00007ffc0006b000 	C:\WINDOWS\System32\windows.storage.dll
0x00007ffbff070000 - 0x00007ffbff08e000 	C:\WINDOWS\System32\profapi.dll
0x00007ffbff090000 - 0x00007ffbff0da000 	C:\WINDOWS\System32\powrprof.dll
0x00007ffbff060000 - 0x00007ffbff070000 	C:\WINDOWS\System32\UMPDC.dll
0x00007ffc01d90000 - 0x00007ffc01de2000 	C:\WINDOWS\System32\shlwapi.dll
0x00007ffbff0e0000 - 0x00007ffbff0f1000 	C:\WINDOWS\System32\kernel.appcore.dll
0x00007ffc00070000 - 0x00007ffc00087000 	C:\WINDOWS\System32\cryptsp.dll
0x00007ffbe9c20000 - 0x00007ffbe9c3a000 	D:\Android\jre\jre\bin\net.dll
0x00007ffbfe850000 - 0x00007ffbfe8b7000 	C:\WINDOWS\system32\mswsock.dll
0x00007ffbe08a0000 - 0x00007ffbe08b3000 	D:\Android\jre\jre\bin\nio.dll

VM Arguments:
java_command: org.jetbrains.kotlin.cli.jvm.K2JVMCompiler @D:\AndroidProject\TravelApp\app\build\20211004_3678080226173109577.compiler.options
java_class_path (initial): D:\candroid\.gradle\caches\modules-2\files-2.1\org.jetbrains.kotlin\kotlin-compiler-embeddable\1.4.20\fc1d26586910b32d676480c75acd3e922e5e81fa\kotlin-compiler-embeddable-1.4.20.jar;D:\candroid\.gradle\caches\modules-2\files-2.1\org.jetbrains.kotlin\kotlin-reflect\1.4.20\411fc46e908bfa9c034f52b0d31b2e1f61f06127\kotlin-reflect-1.4.20.jar;D:\candroid\.gradle\caches\modules-2\files-2.1\org.jetbrains.kotlin\kotlin-stdlib\1.4.20\9be77b243a362b745e365f286627b8724337009c\kotlin-stdlib-1.4.20.jar;D:\candroid\.gradle\caches\modules-2\files-2.1\org.jetbrains.kotlin\kotlin-script-runtime\1.4.20\9793d2f6b262847a2d8127951c5786cf907cc7b1\kotlin-script-runtime-1.4.20.jar;D:\candroid\.gradle\caches\modules-2\files-2.1\org.jetbrains.kotlin\kotlin-daemon-embeddable\1.4.20\a051291fb01bf2397759625626fec670cd57b3f0\kotlin-daemon-embeddable-1.4.20.jar;D:\candroid\.gradle\caches\modules-2\files-2.1\org.jetbrains.intellij.deps\trove4j\1.0.20181211\216c2e14b070f334479d800987affe4054cd563f\trove4j-1.0.20181211.jar;D:\candroid\.gradle\caches\modules-2\files-2.1\org.jetbrains.kotlin\kotlin-stdlib-common\1.4.20\c6761d7805b5312302f2bbd78cda68c976ce0c70\kotlin-stdlib-common-1.4.20.jar;D:\candroid\.gradle\caches\modules-2\files-2.1\org.jetbrains\annotations\13.0\919f0dfe192fb4e063e7dacadee7f8bb9a2672a9\annotations-13.0.jar;D:\Android\jre\lib\tools.jar
Launcher Type: SUN_STANDARD

Environment Variables:
JAVA_HOME=D:\Java\jdk1.8.0_221
CLASSPATH=.;D:\Java\jdk1.8.0_221\lib;D:\Java\jdk1.8.0_221\lib\tools.jar;D:\apache-tomcat-9.0.31\common\lib\servlet-api.jar;
PATH=D:\Java\jdk1.8.0_221\bin;C:\Program Files (x86)\Common Files\Oracle\Java\javapath;C:\WINDOWS\system32;C:\WINDOWS;C:\WINDOWS\System32\Wbem;C:\WINDOWS\System32\WindowsPowerShell\v1.0\;C:\WINDOWS\System32\OpenSSH\;"path=%path%;D:\python";%USERPROFILE%\.dnx\bin;C:\Program Files\Microsoft DNX\Dnvm\;C:\Program Files\Microsoft SQL Server\130\Tools\Binn\;C:\Program Files (x86)\Windows Kits\8.1\Windows Performance Toolkit\;";D:\Android\Android_sdk\platform-tools\";C:\Program Files\Microsoft SQL Server\Client SDK\ODBC\170\Tools\Binn\;C:\Program Files (x86)\Microsoft SQL Server\150\Tools\Binn\;C:\Program Files\Microsoft SQL Server\150\Tools\Binn\;C:\Program Files\Microsoft SQL Server\150\DTS\Binn\;C:\Program Files (x86)\Microsoft SQL Server\150\DTS\Binn\;D:\Android\Android_sdk\platform-tools;D:\Git\cmd;";D:\apache-tomcat-9.0.31\bin";D:\graphviz\bin;";D:\AndroidSDK\platform-tools\";D:\putty\;C:\Strawberry\c\bin;C:\Strawberry\perl\site\bin;C:\Strawberry\perl\bin;D:\Graphviz\bin;D:\PHP\phpstudy_pro\Extensions\php\php7.3.4nts;D:\ctags58;D:\Xshell\;D:\python\Scripts\;D:\python\;C:\Users\27889\AppData\Local\Microsoft\WindowsApps;D:\PyCharm 2019.2.3\bin
USERNAME=27889
OS=Windows_NT
PROCESSOR_IDENTIFIER=Intel64 Family 6 Model 142 Stepping 10, GenuineIntel



---------------  S Y S T E M  ---------------

OS: Windows 10.0 , 64 bit Build 18362 (10.0.18362.1714)

CPU:total 8 (initial active 8) (4 cores per cpu, 2 threads per core) family 6 model 142 stepping 10, cmov, cx8, fxsr, mmx, sse, sse2, sse3, ssse3, sse4.1, sse4.2, popcnt, avx, avx2, aes, clmul, erms, 3dnowpref, lzcnt, ht, tsc, tscinvbit, bmi1, bmi2, adx

Memory: 4k page, physical 8286588k(1149240k free), swap 16151032k(5120k free)

vm_info: OpenJDK 64-Bit Server VM (25.242-b01) for windows-amd64 JRE (1.8.0_242-release-1644-b01), built by "builder" with MS VC++ 10.0 (VS2010)

time: Mon Oct 04 16:07:46 2021
timezone: 中国标准时间
elapsed time: 10 seconds (0d 0h 0m 10s)

